Arguments: 
  C:\Users\MC\node.exe C:\Users\MC\AppData\Roaming\npm\node_modules\yarn\bin\yarn.js install

PATH: 
  C:\Python39\Scripts\;C:\Python39\;C:\WINDOWS\system32;C:\WINDOWS;C:\WINDOWS\System32\Wbem;C:\WINDOWS\System32\WindowsPowerShell\v1.0\;C:\WINDOWS\System32\OpenSSH\;C:\ProgramData\chocolatey\bin;C:\Users\MC\;C:\Program Files\Git\cmd;C:\Program Files\Git\mingw64\bin;C:\Program Files\Git\usr\bin;C:\Program Files\Docker\Docker\resources\bin;C:\ProgramData\DockerDesktop\version-bin;C:\Users\MC\AppData\Local\Microsoft\WindowsApps;C:\Users\MC\AppData\Local\Programs\Microsoft VS Code\bin;C:\Users\MC\AppData\Roaming\npm;C:\Users\MC\AppData\Local\Programs\Hyper\resources\bin;C:\Program Files (x86)\GitHub CLI\;C:\Users\MC\AppData\Local\GitHubDesktop\bin

Yarn version: 
  1.22.11

Node version: 
  14.17.3

Platform: 
  win32 x64

Trace: 
  SyntaxError: C:\Users\MC\Desktop\Builds\simple-react\package.json: Unexpected token / in JSON at position 650
      at JSON.parse (<anonymous>)
      at C:\Users\MC\AppData\Roaming\npm\node_modules\yarn\lib\cli.js:1625:59
      at Generator.next (<anonymous>)
      at step (C:\Users\MC\AppData\Roaming\npm\node_modules\yarn\lib\cli.js:310:30)
      at C:\Users\MC\AppData\Roaming\npm\node_modules\yarn\lib\cli.js:321:13

npm manifest: 
  {
    "name": "simple-react",
    "version": "0.1.0",
    "private": true,
    "dependencies": {
      "@craco/craco": "^6.1.1",
      "@tailwindcss/forms": "^0.3.2",
      "@testing-library/jest-dom": "^5.11.10",
      "@testing-library/react": "^11.2.6",
      "@testing-library/user-event": "^13.1.8",
      "aos": "^3.0.0-beta.6",
      "autoprefixer": "^9.8.6",
      "cruip-js-toolkit": "^1.0.3",
      "node-sass": "^5.0.0",
      "postcss": "^8.2.9",
      "react": "^17.0.2",
      "react-dom": "^17.0.2",
      "react-router-dom": "^5.2.0",
      "react-scripts": "4.0.3",
      "react-transition-group": "^4.4.1",
      "tailwindcss": "^2.1.1",
      "web-vitals": "^1.1.1"
    },
    // "scripts": {
    //   "start": "craco start",
    //   "build": "craco build",
    //   "test": "craco test",
    //   "eject": "craco eject"
    // },
    "start": "craco start",
      "build": "craco build && gulp licenses",
      "test": "craco test --env=jsdom",
      "eject": "craco eject",
      "install:clean": "rm -rf node_modules/ && rm -rf package-lock.json && craco install && craco start",
      "compile-scss": "node-sass --importer node_modules/node-sass-package-importer/dist/cli.js src/assets/scss/black-dashboard-react.scss src/assets/css/black-dashboard-react.css",
      "minify-scss": "node-sass --importer node_modules/node-sass-package-importer/dist/cli.js src/assets/scss/black-dashboard-react.scss src/assets/css/black-dashboard-react.min.css --output-style compressed",
      "map-scss": "node-sass --importer node_modules/node-sass-package-importer/dist/cli.js src/assets/scss/black-dashboard-react.scss src/assets/css/black-dashboard-react.css --source-map true"
    },
    "eslintConfig": {
      "extends": "react-app"
    },
    "browserslist": {
      "production": [
        ">0.2%",
        "not dead",
        "not op_mini all"
      ],
      "development": [
        "last 1 chrome version",
        "last 1 firefox version",
        "last 1 safari version"
      ]
    },
    "devDependencies": {
      "sticky-js": "^1.3.0"
    }
  }

yarn manifest: 
  No manifest

Lockfile: 
  No lockfile
